\BOOKMARK [0][-]{chapter*.1}{AGRADECIMIENTOS}{}
\BOOKMARK [0][-]{chapter*.2}{RESUMEN}{}
\BOOKMARK [0][-]{chapter*.3}{Introducci\363n}{}
\BOOKMARK [0][-]{chapter.1}{Problema}{}
\BOOKMARK [1][-]{section.1.1}{Planteamiento del Problema }{chapter.1}
\BOOKMARK [1][-]{section.1.2}{Objetivo General }{chapter.1}
\BOOKMARK [1][-]{section.1.3}{Objetivos Espec\355ficos }{chapter.1}
\BOOKMARK [1][-]{section.1.4}{Alcance }{chapter.1}
\BOOKMARK [1][-]{section.1.5}{Limitaciones }{chapter.1}
\BOOKMARK [1][-]{section.1.6}{Justificaci\363n }{chapter.1}
\BOOKMARK [0][-]{chapter.2}{Marco Te\363rico}{}
\BOOKMARK [1][-]{section.2.1}{La Web Sem\341ntica}{chapter.2}
\BOOKMARK [1][-]{section.2.2}{Ontolog\355as}{chapter.2}
\BOOKMARK [1][-]{section.2.3}{RDF}{chapter.2}
\BOOKMARK [1][-]{section.2.4}{RDFS}{chapter.2}
\BOOKMARK [1][-]{section.2.5}{OWL}{chapter.2}
\BOOKMARK [1][-]{section.2.6}{SPARQL}{chapter.2}
\BOOKMARK [1][-]{section.2.7}{Motores de Inferencia}{chapter.2}
\BOOKMARK [0][-]{chapter.3}{Marco Metodol\363gico}{}
\BOOKMARK [1][-]{section.3.1}{Descripci\363n de la Metodolog\355a Planteada}{chapter.3}
\BOOKMARK [0][-]{chapter.4}{Desarrollo}{}
\BOOKMARK [0][-]{chapter.5}{Resultados}{}
\BOOKMARK [0][-]{chapter.6}{Conclusiones y Recomendaciones}{}
\BOOKMARK [1][-]{section.6.1}{Conclusiones}{chapter.6}
\BOOKMARK [1][-]{section.6.2}{Recomendaciones}{chapter.6}
